<?xml version="1.0" encoding="UTF-8"?>
<testsuite xmlns:xsi="http://www.w3.org/2001/XMLSchema-instance" xsi:noNamespaceSchemaLocation="https://maven.apache.org/surefire/maven-surefire-plugin/xsd/surefire-test-report.xsd" version="3.0.2" name="com.nttdata.accountBank.AccountBankApplicationTests" time="2.923" tests="1" errors="0" skipped="0" failures="0">
  <properties>
[...]
</properties>
  <testcase name="contextLoads" classname="com.nttdata.accountBank.AccountBankApplicationTests" time="0.715">
    <system-out><![CDATA[05:43:14.472 [main] INFO org.springframework.test.context.support.AnnotationConfigContextLoaderUtils -- Could not detect default configuration classes for test class [com.nttdata.accountBank.AccountBankApplicationTests]: AccountBankApplicationTests does not declare any static, non-private, non-final, nested classes annotated with @Configuration.
05:43:14.620 [main] INFO org.springframework.boot.test.context.SpringBootTestContextBootstrapper -- Found @SpringBootConfiguration com.nttdata.accountBank.AccountBankApplication for test class com.nttdata.accountBank.AccountBankApplicationTests

  .   ____          _            __ _ _
 /\\ / ___'_ __ _ _(_)_ __  __ _ \ \ \ \
( ( )\___ | '_ | '_| | '_ \/ _` | \ \ \ \
 \\/  ___)| |_)| | | | | || (_| |  ) ) ) )
  '  |____| .__|_| |_|_| |_\__, | / / / /
 =========|_|==============|___/=/_/_/_/

 :: Spring Boot ::       (v3.4.2-SNAPSHOT)

2025-01-05T05:43:15.063-05:00  INFO 7116 --- [accountBank] [           main] c.n.a.AccountBankApplicationTests        : Starting AccountBankApplicationTests using Java 17.0.12 with PID 7116 (started by acast in C:\Users\acast\OneDrive\Documentos\Proy\BootCamp\Entregable_1\account_bank)
2025-01-05T05:43:15.064-05:00  INFO 7116 --- [accountBank] [           main] c.n.a.AccountBankApplicationTests        : No active profile set, falling back to 1 default profile: "default"
2025-01-05T05:43:16.481-05:00  INFO 7116 --- [accountBank] [           main] c.n.a.AccountBankApplicationTests        : Started AccountBankApplicationTests in 1.673 seconds (process running for 2.746)
]]></system-out>
  </testcase>
</testsuite>