<?xml version="1.0" encoding="UTF-8"?>
<testsuite xmlns:xsi="http://www.w3.org/2001/XMLSchema-instance" xsi:noNamespaceSchemaLocation="https://maven.apache.org/surefire/maven-surefire-plugin/xsd/surefire-test-report.xsd" version="3.0.2" name="com.nttdata.accountBank.AccountBankApplicationTests" time="5.472" tests="1" errors="0" skipped="0" failures="0">
  <properties>
[...]
</properties>
  <testcase name="contextLoads" classname="com.nttdata.accountBank.AccountBankApplicationTests" time="1.424">
    <system-out><![CDATA[11:20:03.110 [main] INFO org.springframework.test.context.support.AnnotationConfigContextLoaderUtils -- Could not detect default configuration classes for test class [com.nttdata.accountBank.AccountBankApplicationTests]: AccountBankApplicationTests does not declare any static, non-private, non-final, nested classes annotated with @Configuration.
11:20:03.334 [main] INFO org.springframework.boot.test.context.SpringBootTestContextBootstrapper -- Found @SpringBootConfiguration com.nttdata.accountBank.AccountBankApplication for test class com.nttdata.accountBank.AccountBankApplicationTests

  .   ____          _            __ _ _
 /\\ / ___'_ __ _ _(_)_ __  __ _ \ \ \ \
( ( )\___ | '_ | '_| | '_ \/ _` | \ \ \ \
 \\/  ___)| |_)| | | | | || (_| |  ) ) ) )
  '  |____| .__|_| |_|_| |_\__, | / / / /
 =========|_|==============|___/=/_/_/_/

 :: Spring Boot ::       (v3.4.2-SNAPSHOT)

2024-12-24T11:20:04.339-05:00  INFO 19904 --- [accountBank] [           main] c.n.a.AccountBankApplicationTests        : Starting AccountBankApplicationTests using Java 17.0.12 with PID 19904 (started by acasgara in C:\Users\acasgara\OneDrive - NTT DATA EMEAL\Documents\Proy\BootCamps\S1\account_bank)
2024-12-24T11:20:04.341-05:00  INFO 19904 --- [accountBank] [           main] c.n.a.AccountBankApplicationTests        : No active profile set, falling back to 1 default profile: "default"
2024-12-24T11:20:06.842-05:00  INFO 19904 --- [accountBank] [           main] c.n.a.AccountBankApplicationTests        : Started AccountBankApplicationTests in 3.087 seconds (process running for 5.068)
]]></system-out>
  </testcase>
</testsuite>